[19:18:42] [main/INFO] (FabricLoader) Loading for game Minecraft 1.16.3
[19:18:43] [main/INFO] (Fabric|Loader) [FabricLoader] Loading 41 mods: minecraft@1.16.3, fabric-renderer-api-v1@0.3.0+8bcfced895, fabric-networking-blockentity-v0@0.2.5+b50ffc7b95, fabric-screen-handler-api-v1@1.1.0+8724984195, fabric-keybindings-v0@0.2.0+3fa9f7c595, fabric-command-api-v1@1.0.8+5ce5339895, fabricloader@0.9.3+build.207, fabric-tool-attribute-api-v1@1.2.2+ccce563e95, fabric-structure-api-v1@1.0.1+fb0d9b0e95, fabric-renderer-indigo@0.4.0+8bcfced895, fabric-containers-v0@0.1.8+045df74f95, fabric-object-builder-api-v1@1.7.0+432ea18895, fabric-events-interaction-v0@0.4.0+e2e6cdad95, fabric-item-api-v1@1.1.0+29679fd695, fabric-crash-report-info-v1@0.1.2+b7f9825d95, mobsdungeonsgalore@1.0.0, fabric-game-rule-api-v1@1.0.1+91555cd195, fabric-api-base@0.1.3+12a8474c95, fabric-rendering-v0@1.1.0+5341049095, fabric-rendering-v1@1.3.0+432ea18895, fabric-key-binding-api-v1@1.0.1+730711c695, fabric-rendering-data-attachment-v1@0.1.3+b7f9825d95, fabric-resource-loader-v0@0.3.1+facf3bbf95, fabric-textures-v0@1.0.4+eae12eb895, fabric-content-registries-v0@0.1.9+059ea86695, fabric-tag-extensions-v0@1.0.3+ac8e8c5995, fabric-rendering-fluids-v1@0.1.11+fb0d9b0e95, fabric-commands-v0@0.2.0+52d3083695, fabric-registry-sync-v0@0.4.5+fcdfdfa195, fabric-blockrenderlayer-v1@1.1.4+c6a8ea8995, fabric-lifecycle-events-v1@1.2.0+74cc3b2095, fabric-mining-levels-v0@0.1.2+b764ce9995, fabric-renderer-registries-v1@2.1.0+e2862de695, fabric-loot-tables-v1@1.0.1+432ea18895, fabric-events-lifecycle-v0@0.2.0+16acbe5b95, fabric@0.20.2+build.402-1.16, fabric-particles-v1@0.2.2+fb0d9b0e95, fabric-item-groups-v0@0.2.0+438f963695, fabric-models-v0@0.1.0+dfdb52d695, fabric-networking-v0@0.1.10+e00ecb5f95, fabric-object-builders-v0@0.7.0+432ea18895
[19:18:43] [main/INFO] (mixin) SpongePowered MIXIN Subsystem Version=0.8.1 Source=file:/home/tdawg/.gradle/caches/modules-2/files-2.1/net.fabricmc/sponge-mixin/0.8.1+build.21/94da90bdbee9f95bf6d6c41ca87943419a0b5624/sponge-mixin-0.8.1+build.21.jar Service=Knot/Fabric Env=CLIENT
[19:18:43] [main/INFO] (Fabric|MixinBootstrap) Loaded Fabric development mappings for mixin remapper!
[19:18:44] [main/INFO] (mixin) Remapping refMap fabric-networking-v0-refmap.json using remapper chain
[19:18:44] [main/INFO] (mixin) Remapping refMap fabric-networking-blockentity-v0-refmap.json using remapper chain
[19:18:44] [main/INFO] (mixin) Remapping refMap fabric-screen-handler-api-v1-refmap.json using remapper chain
[19:18:44] [main/INFO] (mixin) Remapping refMap fabric-lifecycle-events-v1-refmap.json using remapper chain
[19:18:44] [main/INFO] (mixin) Remapping refMap fabric-containers-v0-refmap.json using remapper chain
[19:18:44] [main/INFO] (mixin) Remapping refMap fabric-renderer-indigo-refmap.json using remapper chain
[19:18:44] [main/INFO] (mixin) Remapping refMap fabric-rendering-data-attachment-v1-refmap.json using remapper chain
[19:18:44] [main/INFO] (mixin) Remapping refMap fabric-structure-api-v1-refmap.json using remapper chain
[19:18:44] [main/INFO] (mixin) Remapping refMap fabric-events-interaction-v0-refmap.json using remapper chain
[19:18:44] [main/INFO] (mixin) Remapping refMap fabric-item-api-v1-refmap.json using remapper chain
[19:18:44] [main/INFO] (mixin) Remapping refMap fabric-loot-tables-v1-refmap.json using remapper chain
[19:18:44] [main/INFO] (mixin) Remapping refMap fabric-object-builder-api-v1-refmap.json using remapper chain
[19:18:44] [main/INFO] (mixin) Remapping refMap fabric-renderer-registries-v1-refmap.json using remapper chain
[19:18:44] [main/INFO] (mixin) Remapping refMap fabric-textures-v0-refmap.json using remapper chain
[19:18:44] [main/INFO] (mixin) Remapping refMap fabric-registry-sync-v0-refmap.json using remapper chain
[19:18:44] [main/INFO] (mixin) Remapping refMap fabric-models-v0-refmap.json using remapper chain
[19:18:44] [main/INFO] (mixin) Remapping refMap fabric-blockrenderlayer-v1-refmap.json using remapper chain
[19:18:44] [main/INFO] (mixin) Remapping refMap fabric-renderer-api-v1-refmap.json using remapper chain
[19:18:44] [main/INFO] (mixin) Remapping refMap fabric-containers-v0-refmap.json using remapper chain
[19:18:44] [main/INFO] (mixin) Remapping refMap fabric-rendering-fluids-v1-refmap.json using remapper chain
[19:18:44] [main/INFO] (mixin) Remapping refMap fabric-resource-loader-v0-refmap.json using remapper chain
[19:18:44] [main/INFO] (mixin) Remapping refMap fabric-game-rule-api-v1-refmap.json using remapper chain
[19:18:44] [main/INFO] (mixin) Remapping refMap fabric-particles-v1-refmap.json using remapper chain
[19:18:44] [main/INFO] (mixin) Remapping refMap fabric-object-builders-refmap.json using remapper chain
[19:18:44] [main/INFO] (mixin) Remapping refMap fabric-tag-extensions-v0-refmap.json using remapper chain
[19:18:44] [main/INFO] (mixin) Remapping refMap fabric-tool-attribute-api-v1-refmap.json using remapper chain
[19:18:44] [main/INFO] (mixin) Remapping refMap fabric-rendering-v1-refmap.json using remapper chain
[19:18:44] [main/INFO] (mixin) Remapping refMap fabric-item-groups-v0-refmap.json using remapper chain
[19:18:44] [main/INFO] (mixin) Remapping refMap fabric-content-registries-v0-refmap.json using remapper chain
[19:18:44] [main/INFO] (mixin) Remapping refMap fabric-command-api-v1-refmap.json using remapper chain
[19:18:44] [main/INFO] (mixin) Remapping refMap fabric-crash-report-info-v1-refmap.json using remapper chain
[19:18:44] [main/INFO] (mixin) Remapping refMap fabric-key-binding-api-v1-refmap.json using remapper chain
[19:18:44] [main/INFO] (mixin) Remapping refMap fabric-renderer-api-v1-refmap.json using remapper chain
[19:18:44] [main/WARN] (mixin) @Mixin target net/minecraft/server/world/ThreadedAnvilChunkStorage$EntityTracker is public in fabric-networking-v0.mixins.json:MixinEntityTracker and should be specified in value
[19:18:44] [main/WARN] (mixin) @Mixin target net/minecraft/client/render/block/BlockModelRenderer$AmbientOcclusionCalculator is public in fabric-renderer-indigo.mixins.json:MixinAmbientOcclusionCalculator and should be specified in value
[19:18:44] [main/WARN] (mixin) @Mixin target net/minecraft/client/render/chunk/ChunkBuilder$BuiltChunk$RebuildTask is public in fabric-renderer-indigo.mixins.json:MixinChunkRebuildTask and should be specified in value
[19:18:44] [main/WARN] (mixin) @Mixin target net/minecraft/server/command/GameRuleCommand$1 is public in fabric-game-rule-api-v1.mixins.json:GameRuleCommandVisitorMixin and should be specified in value
[19:18:44] [main/WARN] (mixin) @Mixin target net/minecraft/client/gui/screen/world/EditGameRulesScreen$RuleListWidget$1 is public in fabric-game-rule-api-v1.mixins.json:client.RuleListWidgetVisitorMixin and should be specified in value
[19:18:44] [main/WARN] (mixin) @Mixin target net/minecraft/client/particle/ParticleManager$SimpleSpriteProvider is public in fabric-particles-v1.mixins.json:ParticleManagerAccessor$SimpleSpriteProviderAccessor and should be specified in value
[19:18:44] [main/WARN] (mixin) @Mixin target net/minecraft/tag/Tag$1 is public in fabric-tag-extensions-v0.mixins.json:MixinTagImpl and should be specified in value
[19:18:44] [main/WARN] (mixin) @Mixin target net/minecraft/tag/RequiredTagList$TagWrapper is public in fabric-tag-extensions-v0.mixins.json:MixinTagImpl and should be specified in value
[19:18:59] [main/INFO] (Minecraft) Environment: authHost='https://authserver.mojang.com', accountsHost='https://api.mojang.com', sessionHost='https://sessionserver.mojang.com', name='PROD'
[19:18:59] [main/INFO] (Minecraft) Setting user: Player177
[19:18:59] [main/INFO] (Minecraft) [STDOUT]: Hello Fabric world!
[19:18:59] [main/INFO] (Indigo) [Indigo] Registering Indigo renderer!
[19:19:00] [main/INFO] (Minecraft) Backend library: LWJGL version 3.2.2 build 10
[19:19:05] [main/INFO] (Minecraft) Narrator library successfully loaded
[19:19:05] [main/INFO] (Minecraft) [STDOUT]: This line is printed by an example mod mixin!
[19:19:05] [main/INFO] (Minecraft) Reloading ResourceManager: Default, Fabric Screen Handler API (v1), Fabric Renderer API (v1), Fabric Networking Block Entity (v0), Fabric Key Bindings (v0), Fabric Loader, Fabric Tool Attribute API (v1), Fabric Renderer - Indigo, Fabric Containers (v0), Fabric Object Builder API (v1), Fabric Crash Report Info (v1), Fabric Events Interaction (v0), Fabric Item API (v1), Fabric Game Rule API (v1), Fabric API Base, Fabric Rendering (v0), Fabric Rendering (v1), Fabric Key Binding API (v1), Fabric Rendering Data Attachment (v1), Fabric Resource Loader (v0), Fabric Textures (v0), Fabric Content Registries (v0), Fabric Tag Extensions (v0), Fabric Rendering Fluids (v1), Fabric Registry Sync (v0), Fabric BlockRenderLayer Registration (v1), Fabric Lifecycle Events (v1), Fabric Mining Levels (v0), Fabric Renderer Registries (v1), Fabric Loot Tables (v1), Fabric Events Lifecycle (v0), Fabric API, Fabric Item Groups (v0), Fabric Models (v0), Fabric Networking (v0), Fabric Object Builders (v0), Mobs Dungeons Galore
[19:19:07] [Realms Notification Availability checker #1/INFO] (Minecraft) Could not authorize you against Realms server: Invalid session id
[19:19:19] [main/INFO] (Minecraft) OpenAL initialized.
[19:19:19] [main/INFO] (Minecraft) Sound engine started
[19:19:20] [main/INFO] (Minecraft) Created: 1024x1024x4 minecraft:textures/atlas/blocks.png-atlas
[19:19:20] [main/INFO] (Minecraft) Created: 256x128x4 minecraft:textures/atlas/signs.png-atlas
[19:19:20] [main/INFO] (Minecraft) Created: 1024x512x4 minecraft:textures/atlas/banner_patterns.png-atlas
[19:19:20] [main/INFO] (Minecraft) Created: 1024x512x4 minecraft:textures/atlas/shield_patterns.png-atlas
[19:19:20] [main/INFO] (Minecraft) Created: 256x256x4 minecraft:textures/atlas/chest.png-atlas
[19:19:20] [main/INFO] (Minecraft) Created: 512x256x4 minecraft:textures/atlas/beds.png-atlas
[19:19:20] [main/INFO] (Minecraft) Created: 512x256x4 minecraft:textures/atlas/shulker_boxes.png-atlas
[19:19:21] [main/INFO] (Minecraft) Created: 256x256x0 minecraft:textures/atlas/particles.png-atlas
[19:19:22] [main/INFO] (Minecraft) Created: 256x256x0 minecraft:textures/atlas/paintings.png-atlas
[19:19:22] [main/INFO] (Minecraft) Created: 256x128x0 minecraft:textures/atlas/mob_effects.png-atlas
[19:19:22] [main/INFO] (Minecraft) [STDOUT]: This line is printed by an example mod mixin!
[19:19:49] [main/INFO] (Minecraft) Attempt 1...
[19:20:30] [main/WARN] (Minecraft) Ambiguity between arguments [teleport, destination] and [teleport, targets] with inputs: [Player, 0123, @e, dd12be42-52a9-4a91-a8a1-11c01849e498]
[19:20:30] [main/WARN] (Minecraft) Ambiguity between arguments [teleport, location] and [teleport, destination] with inputs: [0.1 -0.5 .9, 0 0 0]
[19:20:30] [main/WARN] (Minecraft) Ambiguity between arguments [teleport, location] and [teleport, targets] with inputs: [0.1 -0.5 .9, 0 0 0]
[19:20:30] [main/WARN] (Minecraft) Ambiguity between arguments [teleport, targets] and [teleport, destination] with inputs: [Player, 0123, dd12be42-52a9-4a91-a8a1-11c01849e498]
[19:20:30] [main/WARN] (Minecraft) Ambiguity between arguments [teleport, targets, location] and [teleport, targets, destination] with inputs: [0.1 -0.5 .9, 0 0 0]
[19:20:30] [main/INFO] (Minecraft) Reloading ResourceManager: Default, Fabric Tool Attribute API (v1)
[19:20:32] [main/INFO] (Minecraft) Loaded 7 recipes
[19:20:33] [main/INFO] (Minecraft) Loaded 927 advancements
[19:20:35] [main/INFO] (Minecraft) Environment: authHost='https://authserver.mojang.com', accountsHost='https://api.mojang.com', sessionHost='https://sessionserver.mojang.com', name='PROD'
[19:20:35] [Server thread/INFO] (Minecraft) Starting integrated minecraft server version 1.16.3
[19:20:35] [Server thread/INFO] (Minecraft) Generating keypair
[19:20:36] [Server thread/WARN] (Minecraft) Unable to find spawn biome
[19:20:37] [Server thread/INFO] (Minecraft) Preparing start region for dimension minecraft:overworld
[19:20:37] [main/INFO] (Minecraft) Preparing spawn area: 0%
[19:20:37] [main/INFO] (Minecraft) Preparing spawn area: 0%
[19:20:38] [main/INFO] (Minecraft) Preparing spawn area: 0%
[19:20:38] [main/INFO] (Minecraft) Preparing spawn area: 0%
[19:20:39] [main/INFO] (Minecraft) Preparing spawn area: 0%
[19:20:39] [main/INFO] (Minecraft) Preparing spawn area: 0%
[19:20:40] [main/INFO] (Minecraft) Time elapsed: 3024 ms
[19:20:40] [Server thread/INFO] (Minecraft) Changing view distance to 11, from 10
[19:20:41] [Server thread/INFO] (Minecraft) Player177[local:E:9ee9983b] logged in with entity id 1 at (7.5, 4.0, -3.5)
[19:20:41] [Server thread/INFO] (Minecraft) Player177 joined the game
[19:20:41] [Server thread/INFO] (Minecraft) Saving and pausing game...
[19:20:41] [Server thread/INFO] (Minecraft) Saving chunks for level 'ServerLevel[void test]'/minecraft:overworld
[19:20:42] [Server thread/INFO] (Minecraft) Saving chunks for level 'ServerLevel[void test]'/minecraft:the_nether
[19:20:42] [Server thread/INFO] (Minecraft) Saving chunks for level 'ServerLevel[void test]'/minecraft:the_end
[19:20:42] [main/INFO] (Minecraft) Loaded 0 advancements
[19:20:54] [main/INFO] (Minecraft) [CHAT] Unknown block type 'minecraft:planks'
[19:20:54] [main/INFO] (Minecraft) [CHAT] ... ~1 ~0 ~1 planks 2<--[HERE]
[19:20:59] [Server thread/INFO] (Minecraft) [Player177: Summoned new entity.mobsdungeonsgalore.giant_lizard]
[19:20:59] [main/INFO] (Minecraft) [CHAT] Summoned new entity.mobsdungeonsgalore.giant_lizard
[19:20:59] [main/WARN] (Minecraft) Failed to load texture: mobsdungeonsgalore:/textures/entity/giant_lizard.png
java.io.FileNotFoundException: mobsdungeonsgalore:/textures/entity/giant_lizard.png
	at net.minecraft.resource.NamespaceResourceManager.getResource(NamespaceResourceManager.java:65) ~[minecraft-1.16.3-mapped-net.fabricmc.yarn-1.16.3+build.1-v2.jar:?]
	at net.minecraft.resource.ReloadableResourceManagerImpl.getResource(ReloadableResourceManagerImpl.java:64) ~[minecraft-1.16.3-mapped-net.fabricmc.yarn-1.16.3+build.1-v2.jar:?]
	at net.minecraft.client.texture.ResourceTexture$TextureData.load(ResourceTexture.java:97) ~[minecraft-1.16.3-mapped-net.fabricmc.yarn-1.16.3+build.1-v2.jar:?]
	at net.minecraft.client.texture.ResourceTexture.loadTextureData(ResourceTexture.java:56) ~[minecraft-1.16.3-mapped-net.fabricmc.yarn-1.16.3+build.1-v2.jar:?]
	at net.minecraft.client.texture.ResourceTexture.load(ResourceTexture.java:26) ~[minecraft-1.16.3-mapped-net.fabricmc.yarn-1.16.3+build.1-v2.jar:?]
	at net.minecraft.client.texture.TextureManager.method_24303(TextureManager.java:94) ~[minecraft-1.16.3-mapped-net.fabricmc.yarn-1.16.3+build.1-v2.jar:?]
	at net.minecraft.client.texture.TextureManager.registerTexture(TextureManager.java:65) ~[minecraft-1.16.3-mapped-net.fabricmc.yarn-1.16.3+build.1-v2.jar:?]
	at net.minecraft.client.texture.TextureManager.bindTextureInner(TextureManager.java:58) ~[minecraft-1.16.3-mapped-net.fabricmc.yarn-1.16.3+build.1-v2.jar:?]
	at net.minecraft.client.texture.TextureManager.bindTexture(TextureManager.java:49) ~[minecraft-1.16.3-mapped-net.fabricmc.yarn-1.16.3+build.1-v2.jar:?]
	at net.minecraft.client.render.RenderPhase$Texture.method_23563(RenderPhase.java:636) ~[minecraft-1.16.3-mapped-net.fabricmc.yarn-1.16.3+build.1-v2.jar:?]
	at net.minecraft.client.render.RenderPhase.startDrawing(RenderPhase.java:109) ~[minecraft-1.16.3-mapped-net.fabricmc.yarn-1.16.3+build.1-v2.jar:?]
	at com.google.common.collect.ImmutableList.forEach(ImmutableList.java:408) ~[guava-21.0.jar:?]
	at net.minecraft.client.render.RenderLayer$MultiPhase.method_23596(RenderLayer.java:351) ~[minecraft-1.16.3-mapped-net.fabricmc.yarn-1.16.3+build.1-v2.jar:?]
	at net.minecraft.client.render.RenderPhase.startDrawing(RenderPhase.java:109) [minecraft-1.16.3-mapped-net.fabricmc.yarn-1.16.3+build.1-v2.jar:?]
	at net.minecraft.client.render.RenderLayer.draw(RenderLayer.java:279) [minecraft-1.16.3-mapped-net.fabricmc.yarn-1.16.3+build.1-v2.jar:?]
	at net.minecraft.client.render.VertexConsumerProvider$Immediate.draw(VertexConsumerProvider.java:84) [minecraft-1.16.3-mapped-net.fabricmc.yarn-1.16.3+build.1-v2.jar:?]
	at net.minecraft.client.render.VertexConsumerProvider$Immediate.getBuffer(VertexConsumerProvider.java:44) [minecraft-1.16.3-mapped-net.fabricmc.yarn-1.16.3+build.1-v2.jar:?]
	at net.minecraft.client.render.entity.EntityRenderDispatcher.renderShadow(EntityRenderDispatcher.java:389) [minecraft-1.16.3-mapped-net.fabricmc.yarn-1.16.3+build.1-v2.jar:?]
	at net.minecraft.client.render.entity.EntityRenderDispatcher.render(EntityRenderDispatcher.java:265) [minecraft-1.16.3-mapped-net.fabricmc.yarn-1.16.3+build.1-v2.jar:?]
	at net.minecraft.client.render.WorldRenderer.renderEntity(WorldRenderer.java:1261) [minecraft-1.16.3-mapped-net.fabricmc.yarn-1.16.3+build.1-v2.jar:?]
	at net.minecraft.client.render.WorldRenderer.render(WorldRenderer.java:1246) [minecraft-1.16.3-mapped-net.fabricmc.yarn-1.16.3+build.1-v2.jar:?]
	at net.minecraft.client.render.GameRenderer.renderWorld(GameRenderer.java:624) [minecraft-1.16.3-mapped-net.fabricmc.yarn-1.16.3+build.1-v2.jar:?]
	at net.minecraft.client.render.GameRenderer.render(GameRenderer.java:424) [minecraft-1.16.3-mapped-net.fabricmc.yarn-1.16.3+build.1-v2.jar:?]
	at net.minecraft.client.MinecraftClient.render(MinecraftClient.java:984) [minecraft-1.16.3-mapped-net.fabricmc.yarn-1.16.3+build.1-v2.jar:?]
	at net.minecraft.client.MinecraftClient.run(MinecraftClient.java:601) [minecraft-1.16.3-mapped-net.fabricmc.yarn-1.16.3+build.1-v2.jar:?]
	at net.minecraft.client.main.Main.main(Main.java:187) [minecraft-1.16.3-mapped-net.fabricmc.yarn-1.16.3+build.1-v2.jar:?]
	at jdk.internal.reflect.NativeMethodAccessorImpl.invoke0(Native Method) ~[?:?]
	at jdk.internal.reflect.NativeMethodAccessorImpl.invoke(NativeMethodAccessorImpl.java:62) ~[?:?]
	at jdk.internal.reflect.DelegatingMethodAccessorImpl.invoke(DelegatingMethodAccessorImpl.java:43) ~[?:?]
	at java.lang.reflect.Method.invoke(Method.java:566) ~[?:?]
	at net.fabricmc.loader.game.MinecraftGameProvider.launch(MinecraftGameProvider.java:192) [fabric-loader-0.9.3+build.207@net.fabricmc.yarn.1_16_3.1.16.3+build.1-v2.jar:?]
	at net.fabricmc.loader.launch.knot.Knot.init(Knot.java:140) [fabric-loader-0.9.3+build.207@net.fabricmc.yarn.1_16_3.1.16.3+build.1-v2.jar:?]
	at net.fabricmc.loader.launch.knot.KnotClient.main(KnotClient.java:26) [fabric-loader-0.9.3+build.207@net.fabricmc.yarn.1_16_3.1.16.3+build.1-v2.jar:?]
	at net.fabricmc.devlaunchinjector.Main.main(Main.java:86) [dev-launch-injector-0.2.1+build.8.jar:?]
[19:21:12] [main/INFO] (Minecraft) [CHAT] [Debug]: Hitboxes: shown
[19:21:56] [main/INFO] (Minecraft) Stopping!
[19:21:56] [Server thread/INFO] (Minecraft) Player177 lost connection: Disconnected
[19:21:56] [Server thread/INFO] (Minecraft) Player177 left the game
[19:21:56] [Server thread/INFO] (Minecraft) Stopping singleplayer server as player logged out
[19:21:56] [Server thread/INFO] (Minecraft) Stopping server
[19:21:56] [Server thread/INFO] (Minecraft) Saving players
[19:21:56] [Server thread/INFO] (Minecraft) Saving worlds
[19:21:56] [Server thread/INFO] (Minecraft) Saving chunks for level 'ServerLevel[void test]'/minecraft:overworld
[19:21:57] [Server thread/INFO] (Minecraft) ThreadedAnvilChunkStorage (void test): All chunks are saved
[19:21:57] [Server thread/INFO] (Minecraft) Saving chunks for level 'ServerLevel[void test]'/minecraft:the_nether
[19:21:57] [Server thread/INFO] (Minecraft) ThreadedAnvilChunkStorage (DIM-1): All chunks are saved
[19:21:57] [Server thread/INFO] (Minecraft) Saving chunks for level 'ServerLevel[void test]'/minecraft:the_end
[19:21:57] [Server thread/INFO] (Minecraft) ThreadedAnvilChunkStorage (DIM1): All chunks are saved
[19:21:57] [Server thread/INFO] (Minecraft) ThreadedAnvilChunkStorage (void test): All chunks are saved
[19:21:57] [Server thread/INFO] (Minecraft) ThreadedAnvilChunkStorage (DIM-1): All chunks are saved
[19:21:57] [Server thread/INFO] (Minecraft) ThreadedAnvilChunkStorage (DIM1): All chunks are saved
